<?xml version="1.0" encoding="UTF-8"?>
<testsuite name="hello.core.beandefinition.BeanDefintionTest" tests="1" skipped="0" failures="0" errors="0" timestamp="2023-01-22T18:16:19" hostname="AL01985258.local" time="0.006">
  <properties/>
  <testcase name="findApplicationBean()" classname="hello.core.beandefinition.BeanDefintionTest" time="0.006"/>
  <system-out><![CDATA[03:16:19.463 [Test worker] DEBUG org.springframework.beans.factory.xml.XmlBeanDefinitionReader - Loaded 4 bean definitions from class path resource [appConfig.xml]
03:16:19.464 [Test worker] DEBUG org.springframework.context.support.GenericXmlApplicationContext - Refreshing org.springframework.context.support.GenericXmlApplicationContext@2462cb01
03:16:19.477 [Test worker] DEBUG org.springframework.beans.factory.support.DefaultListableBeanFactory - Creating shared instance of singleton bean 'memberService'
03:16:19.483 [Test worker] DEBUG org.springframework.beans.factory.support.DefaultListableBeanFactory - Creating shared instance of singleton bean 'memberRepository'
03:16:19.487 [Test worker] DEBUG org.springframework.beans.factory.support.DefaultListableBeanFactory - Creating shared instance of singleton bean 'orderService'
03:16:19.487 [Test worker] DEBUG org.springframework.beans.factory.support.DefaultListableBeanFactory - Creating shared instance of singleton bean 'discountPolicy'
beanDefinitionName = memberServicebeanDefinition = Generic bean: class [hello.core.member.MemberServiceImpl]; scope=; abstract=false; lazyInit=false; autowireMode=0; dependencyCheck=0; autowireCandidate=true; primary=false; factoryBeanName=null; factoryMethodName=null; initMethodNames=null; destroyMethodNames=null; defined in class path resource [appConfig.xml]
beanDefinitionName = memberRepositorybeanDefinition = Generic bean: class [hello.core.member.MemoryMemberRepository]; scope=; abstract=false; lazyInit=false; autowireMode=0; dependencyCheck=0; autowireCandidate=true; primary=false; factoryBeanName=null; factoryMethodName=null; initMethodNames=null; destroyMethodNames=null; defined in class path resource [appConfig.xml]
beanDefinitionName = orderServicebeanDefinition = Generic bean: class [hello.core.order.OrderServiceImpl]; scope=; abstract=false; lazyInit=false; autowireMode=0; dependencyCheck=0; autowireCandidate=true; primary=false; factoryBeanName=null; factoryMethodName=null; initMethodNames=null; destroyMethodNames=null; defined in class path resource [appConfig.xml]
beanDefinitionName = discountPolicybeanDefinition = Generic bean: class [hello.core.discount.RateDiscountPolicy]; scope=; abstract=false; lazyInit=false; autowireMode=0; dependencyCheck=0; autowireCandidate=true; primary=false; factoryBeanName=null; factoryMethodName=null; initMethodNames=null; destroyMethodNames=null; defined in class path resource [appConfig.xml]
]]></system-out>
  <system-err><![CDATA[]]></system-err>
</testsuite>
